2026-03-31 19:51:32 | INFO | CI | === RUN START ===
2026-03-31 19:51:32 | INFO | CI | project=MODULE 4: EVTL PIPELINE
2026-03-31 19:51:32 | INFO | CI | repo_dir=nlp-04-api-text-data
2026-03-31 19:51:32 | INFO | CI | python=3.14.3
2026-03-31 19:51:32 | INFO | CI | os=Windows 11
2026-03-31 19:51:32 | INFO | CI | shell=powershell
2026-03-31 19:51:32 | INFO | CI | cwd=.
2026-03-31 19:51:32 | INFO | CI | github_actions=False
2026-03-31 19:51:32 | INFO | CI | START PIPELINE
2026-03-31 19:51:32 | INFO | CI | ROOT_PATH = .
2026-03-31 19:51:32 | INFO | CI | DATA_PATH = data
2026-03-31 19:51:32 | INFO | CI | RAW_PATH = data\raw
2026-03-31 19:51:32 | INFO | CI | PROCESSED_PATH = data\processed
2026-03-31 19:51:32 | INFO | CI | ========================
2026-03-31 19:51:32 | INFO | CI | STAGE 01: EXTRACT starting... 
2026-03-31 19:51:32 | INFO | CI | ========================
2026-03-31 19:51:32 | INFO | CI | SOURCE PATH = https://jsonplaceholder.typicode.com/posts
2026-03-31 19:51:32 | INFO | CI | SINK PATH = data\raw\case_raw.json
2026-03-31 19:51:32 | INFO | CI | ========================
2026-03-31 19:51:32 | INFO | CI | STAGE 02: VALIDATE starting...
2026-03-31 19:51:32 | INFO | CI | ========================
2026-03-31 19:51:32 | INFO | CI | JSON STRUCTURE INSPECTION:
2026-03-31 19:51:32 | INFO | CI | Top-level type: list
2026-03-31 19:51:32 | INFO | CI | Keys in first record: ['userId', 'id', 'title', 'body']
2026-03-31 19:51:32 | INFO | CI | Field types:
2026-03-31 19:51:32 | INFO | CI | userId: int
2026-03-31 19:51:32 | INFO | CI | id: int
2026-03-31 19:51:32 | INFO | CI | title: str
2026-03-31 19:51:32 | INFO | CI | body: str
2026-03-31 19:51:32 | INFO | CI | Validation passed.
2026-03-31 19:51:32 | INFO | CI | Sink: validated JSON object
2026-03-31 19:51:32 | INFO | CI | ========================
2026-03-31 19:51:32 | INFO | CI | STAGE 03: TRANSFORM starting...
2026-03-31 19:51:32 | INFO | CI | ========================
2026-03-31 19:51:32 | INFO | CI | Transformation complete.
2026-03-31 19:51:32 | INFO | CI | DataFrame preview:
shape: (5, 6)
в”Ңв”Җв”Җв”Җв”Җв”Җв”Җв”Җв”Җв”Җв”¬в”Җв”Җв”Җв”Җв”Җв”Җв”Җв”Җв”Җв”¬в”Җв”Җв”Җв”Җв”Җв”Җв”Җв”Җв”Җв”Җв”Җв”Җв”Җв”Җв”Җв”Җв”Җв”Җв”Җв”Җв”Җв”Җв”Җв”Җв”Җв”Җв”Җв”Җв”Җв”Җв”Җв”Җв”Җв”¬в”Җв”Җв”Җв”Җв”Җв”Җв”Җв”Җв”Җв”Җв”Җв”Җв”Җв”Җв”Җв”Җв”Җв”Җв”Җв”Җв”Җв”Җв”Җв”Җв”Җв”Җв”Җв”Җв”Җв”Җв”Җв”Җв”Җв”¬в”Җв”Җв”Җв”Җв”Җв”Җв”Җв”Җв”Җв”Җв”Җв”Җв”Җв”Җв”¬в”Җв”Җв”Җв”Җв”Җв”Җв”Җв”Җв”Җв”Җв”Җв”Җв”Җв”җ
в”Ӯ user_id в”Ҷ post_id в”Ҷ title                           в”Ҷ body                            в”Ҷ title_length в”Ҷ body_length в”Ӯ
в”Ӯ ---     в”Ҷ ---     в”Ҷ ---                             в”Ҷ ---                             в”Ҷ ---          в”Ҷ ---         в”Ӯ
в”Ӯ i64     в”Ҷ i64     в”Ҷ str                             в”Ҷ str                             в”Ҷ u32          в”Ҷ u32         в”Ӯ
в•һв•җв•җв•җв•җв•җв•җв•җв•җв•җв•Әв•җв•җв•җв•җв•җв•җв•җв•җв•җв•Әв•җв•җв•җв•җв•җв•җв•җв•җв•җв•җв•җв•җв•җв•җв•җв•җв•җв•җв•җв•җв•җв•җв•җв•җв•җв•җв•җв•җв•җв•җв•җв•җв•җв•Әв•җв•җв•җв•җв•җв•җв•җв•җв•җв•җв•җв•җв•җв•җв•җв•җв•җв•җв•җв•җв•җв•җв•җв•җв•җв•җв•җв•җв•җв•җв•җв•җв•җв•Әв•җв•җв•җв•җв•җв•җв•җв•җв•җв•җв•җв•җв•җв•җв•Әв•җв•җв•җв•җв•җв•җв•җв•җв•җв•җв•җв•җв•җв•Ў
в”Ӯ 1       в”Ҷ 1       в”Ҷ sunt aut facere repellat proviвҖҰ в”Ҷ quia et suscipit                в”Ҷ 74           в”Ҷ 158         в”Ӯ
в”Ӯ         в”Ҷ         в”Ҷ                                 в”Ҷ suscipit recuвҖҰ                  в”Ҷ              в”Ҷ             в”Ӯ
в”Ӯ 1       в”Ҷ 2       в”Ҷ qui est esse                    в”Ҷ est rerum tempore vitae         в”Ҷ 12           в”Ҷ 206         в”Ӯ
в”Ӯ         в”Ҷ         в”Ҷ                                 в”Ҷ sequi вҖҰ                         в”Ҷ              в”Ҷ             в”Ӯ
в”Ӯ 1       в”Ҷ 3       в”Ҷ ea molestias quasi exercitatioвҖҰ в”Ҷ et iusto sed quo iure           в”Ҷ 59           в”Ҷ 164         в”Ӯ
в”Ӯ         в”Ҷ         в”Ҷ                                 в”Ҷ voluptatвҖҰ                       в”Ҷ              в”Ҷ             в”Ӯ
в”Ӯ 1       в”Ҷ 4       в”Ҷ eum et est occaecati            в”Ҷ ullam et saepe reiciendis voluвҖҰ в”Ҷ 20           в”Ҷ 190         в”Ӯ
в”Ӯ 1       в”Ҷ 5       в”Ҷ nesciunt quas odio              в”Ҷ repudiandae veniam quaerat sunвҖҰ в”Ҷ 18           в”Ҷ 147         в”Ӯ
в””в”Җв”Җв”Җв”Җв”Җв”Җв”Җв”Җв”Җв”ҙв”Җв”Җв”Җв”Җв”Җв”Җв”Җв”Җв”Җв”ҙв”Җв”Җв”Җв”Җв”Җв”Җв”Җв”Җв”Җв”Җв”Җв”Җв”Җв”Җв”Җв”Җв”Җв”Җв”Җв”Җв”Җв”Җв”Җв”Җв”Җв”Җв”Җв”Җв”Җв”Җв”Җв”Җв”Җв”ҙв”Җв”Җв”Җв”Җв”Җв”Җв”Җв”Җв”Җв”Җв”Җв”Җв”Җв”Җв”Җв”Җв”Җв”Җв”Җв”Җв”Җв”Җв”Җв”Җв”Җв”Җв”Җв”Җв”Җв”Җв”Җв”Җв”Җв”ҙв”Җв”Җв”Җв”Җв”Җв”Җв”Җв”Җв”Җв”Җв”Җв”Җв”Җв”Җв”ҙв”Җв”Җв”Җв”Җв”Җв”Җв”Җв”Җв”Җв”Җв”Җв”Җв”Җв”ҳ
2026-03-31 19:51:32 | INFO | CI | Sink: Polars DataFrame created
2026-03-31 19:51:32 | INFO | CI | ========================
2026-03-31 19:51:32 | INFO | CI | STAGE 04: LOAD starting...
2026-03-31 19:51:32 | INFO | CI | ========================
2026-03-31 19:51:32 | INFO | CI | SINK PATH = data\processed\case_processed.csv
2026-03-31 19:51:32 | INFO | CI | ========================
2026-03-31 19:51:32 | INFO | CI | Pipeline executed successfully!
2026-03-31 19:51:32 | INFO | CI | ========================
2026-03-31 20:06:31 | INFO | CI | === RUN START ===
2026-03-31 20:06:31 | INFO | CI | project=MODULE 4: EVTL PIPELINE
2026-03-31 20:06:31 | INFO | CI | repo_dir=nlp-04-api-text-data
2026-03-31 20:06:31 | INFO | CI | python=3.14.3
2026-03-31 20:06:31 | INFO | CI | os=Windows 11
2026-03-31 20:06:31 | INFO | CI | shell=powershell
2026-03-31 20:06:31 | INFO | CI | cwd=.
2026-03-31 20:06:31 | INFO | CI | github_actions=False
2026-03-31 20:06:31 | INFO | CI | START PIPELINE
2026-03-31 20:06:31 | INFO | CI | ROOT_PATH = .
2026-03-31 20:06:31 | INFO | CI | DATA_PATH = data
2026-03-31 20:06:31 | INFO | CI | RAW_PATH = data\raw
2026-03-31 20:06:31 | INFO | CI | PROCESSED_PATH = data\processed
2026-03-31 20:06:31 | INFO | CI | ========================
2026-03-31 20:06:31 | INFO | CI | STAGE 01: EXTRACT starting... 
2026-03-31 20:06:31 | INFO | CI | ========================
2026-03-31 20:06:32 | INFO | CI | SOURCE PATH = https://jsonplaceholder.typicode.com/posts
2026-03-31 20:06:32 | INFO | CI | SINK PATH = data\raw\case_raw.json
2026-03-31 20:06:32 | INFO | CI | ========================
2026-03-31 20:06:32 | INFO | CI | STAGE 02: VALIDATE starting...
2026-03-31 20:06:32 | INFO | CI | ========================
2026-03-31 20:06:32 | INFO | CI | JSON STRUCTURE INSPECTION:
2026-03-31 20:06:32 | INFO | CI | Top-level type: list
2026-03-31 20:06:32 | INFO | CI | Keys in first record: ['userId', 'id', 'title', 'body']
2026-03-31 20:06:32 | INFO | CI | Field types:
2026-03-31 20:06:32 | INFO | CI | userId: int
2026-03-31 20:06:32 | INFO | CI | id: int
2026-03-31 20:06:32 | INFO | CI | title: str
2026-03-31 20:06:32 | INFO | CI | body: str
2026-03-31 20:06:32 | INFO | CI | Validation passed.
2026-03-31 20:06:32 | INFO | CI | Sink: validated JSON object
2026-03-31 20:06:32 | INFO | CI | ========================
2026-03-31 20:06:32 | INFO | CI | STAGE 03: TRANSFORM starting...
2026-03-31 20:06:32 | INFO | CI | ========================
2026-03-31 20:06:32 | INFO | CI | Transformation complete.
2026-03-31 20:06:32 | INFO | CI | DataFrame preview:
shape: (5, 6)
в”Ңв”Җв”Җв”Җв”Җв”Җв”¬в”Җв”Җв”Җв”Җв”Җв”¬в”Җв”Җв”Җв”Җв”Җв”¬в”Җв”Җв”Җв”Җв”Җв”¬в”Җв”Җв”Җв”Җв”Җв”Җв”Җв”¬в”Җв”Җв”Җв”Җв”Җв”Җв”Җв”җ
в”Ӯ use в”Ҷ pos в”Ҷ tit в”Ҷ bod в”Ҷ title в”Ҷ body_ в”Ӯ
в”Ӯ r_i в”Ҷ t_i в”Ҷ le  в”Ҷ y   в”Ҷ _leng в”Ҷ lengt в”Ӯ
в”Ӯ d   в”Ҷ d   в”Ҷ --- в”Ҷ --- в”Ҷ th    в”Ҷ h     в”Ӯ
в”Ӯ --- в”Ҷ --- в”Ҷ str в”Ҷ str в”Ҷ ---   в”Ҷ ---   в”Ӯ
в”Ӯ i64 в”Ҷ i64 в”Ҷ     в”Ҷ     в”Ҷ u32   в”Ҷ u32   в”Ӯ
в•һв•җв•җв•җв•җв•җв•Әв•җв•җв•җв•җв•җв•Әв•җв•җв•җв•җв•җв•Әв•җв•җв•җв•җв•җв•Әв•җв•җв•җв•җв•җв•җв•җв•Әв•җв•җв•җв•җв•җв•җв•җв•Ў
в”Ӯ 1   в”Ҷ 1   в”Ҷ sun в”Ҷ qui в”Ҷ 74    в”Ҷ 158   в”Ӯ
в”Ӯ     в”Ҷ     в”Ҷ t   в”Ҷ a   в”Ҷ       в”Ҷ       в”Ӯ
в”Ӯ     в”Ҷ     в”Ҷ aut в”Ҷ et  в”Ҷ       в”Ҷ       в”Ӯ
в”Ӯ     в”Ҷ     в”Ҷ fac в”Ҷ sus в”Ҷ       в”Ҷ       в”Ӯ
в”Ӯ     в”Ҷ     в”Ҷ ere в”Ҷ cip в”Ҷ       в”Ҷ       в”Ӯ
в”Ӯ     в”Ҷ     в”Ҷ rep в”Ҷ it  в”Ҷ       в”Ҷ       в”Ӯ
в”Ӯ     в”Ҷ     в”Ҷ ell в”Ҷ sus в”Ҷ       в”Ҷ       в”Ӯ
в”Ӯ     в”Ҷ     в”Ҷ at  в”Ҷ cip в”Ҷ       в”Ҷ       в”Ӯ
в”Ӯ     в”Ҷ     в”Ҷ pro в”Ҷ it  в”Ҷ       в”Ҷ       в”Ӯ
в”Ӯ     в”Ҷ     в”Ҷ viвҖҰ в”Ҷ rec в”Ҷ       в”Ҷ       в”Ӯ
в”Ӯ     в”Ҷ     в”Ҷ     в”Ҷ uвҖҰ  в”Ҷ       в”Ҷ       в”Ӯ
в”Ӯ 1   в”Ҷ 2   в”Ҷ qui в”Ҷ est в”Ҷ 12    в”Ҷ 206   в”Ӯ
в”Ӯ     в”Ҷ     в”Ҷ est в”Ҷ rer в”Ҷ       в”Ҷ       в”Ӯ
в”Ӯ     в”Ҷ     в”Ҷ ess в”Ҷ um  в”Ҷ       в”Ҷ       в”Ӯ
в”Ӯ     в”Ҷ     в”Ҷ e   в”Ҷ tem в”Ҷ       в”Ҷ       в”Ӯ
в”Ӯ     в”Ҷ     в”Ҷ     в”Ҷ por в”Ҷ       в”Ҷ       в”Ӯ
в”Ӯ     в”Ҷ     в”Ҷ     в”Ҷ e   в”Ҷ       в”Ҷ       в”Ӯ
в”Ӯ     в”Ҷ     в”Ҷ     в”Ҷ vit в”Ҷ       в”Ҷ       в”Ӯ
в”Ӯ     в”Ҷ     в”Ҷ     в”Ҷ ae  в”Ҷ       в”Ҷ       в”Ӯ
в”Ӯ     в”Ҷ     в”Ҷ     в”Ҷ seq в”Ҷ       в”Ҷ       в”Ӯ
в”Ӯ     в”Ҷ     в”Ҷ     в”Ҷ ui  в”Ҷ       в”Ҷ       в”Ӯ
в”Ӯ     в”Ҷ     в”Ҷ     в”Ҷ вҖҰ   в”Ҷ       в”Ҷ       в”Ӯ
в”Ӯ 1   в”Ҷ 3   в”Ҷ ea  в”Ҷ et  в”Ҷ 59    в”Ҷ 164   в”Ӯ
в”Ӯ     в”Ҷ     в”Ҷ mol в”Ҷ ius в”Ҷ       в”Ҷ       в”Ӯ
в”Ӯ     в”Ҷ     в”Ҷ est в”Ҷ to  в”Ҷ       в”Ҷ       в”Ӯ
в”Ӯ     в”Ҷ     в”Ҷ ias в”Ҷ sed в”Ҷ       в”Ҷ       в”Ӯ
в”Ӯ     в”Ҷ     в”Ҷ qua в”Ҷ quo в”Ҷ       в”Ҷ       в”Ӯ
в”Ӯ     в”Ҷ     в”Ҷ si  в”Ҷ iur в”Ҷ       в”Ҷ       в”Ӯ
в”Ӯ     в”Ҷ     в”Ҷ exe в”Ҷ e   в”Ҷ       в”Ҷ       в”Ӯ
в”Ӯ     в”Ҷ     в”Ҷ rci в”Ҷ vol в”Ҷ       в”Ҷ       в”Ӯ
в”Ӯ     в”Ҷ     в”Ҷ tat в”Ҷ upt в”Ҷ       в”Ҷ       в”Ӯ
в”Ӯ     в”Ҷ     в”Ҷ ioвҖҰ в”Ҷ atвҖҰ в”Ҷ       в”Ҷ       в”Ӯ
в”Ӯ 1   в”Ҷ 4   в”Ҷ eum в”Ҷ ull в”Ҷ 20    в”Ҷ 190   в”Ӯ
в”Ӯ     в”Ҷ     в”Ҷ et  в”Ҷ am  в”Ҷ       в”Ҷ       в”Ӯ
в”Ӯ     в”Ҷ     в”Ҷ est в”Ҷ et  в”Ҷ       в”Ҷ       в”Ӯ
в”Ӯ     в”Ҷ     в”Ҷ occ в”Ҷ sae в”Ҷ       в”Ҷ       в”Ӯ
в”Ӯ     в”Ҷ     в”Ҷ aec в”Ҷ pe  в”Ҷ       в”Ҷ       в”Ӯ
в”Ӯ     в”Ҷ     в”Ҷ ati в”Ҷ rei в”Ҷ       в”Ҷ       в”Ӯ
в”Ӯ     в”Ҷ     в”Ҷ     в”Ҷ cie в”Ҷ       в”Ҷ       в”Ӯ
в”Ӯ     в”Ҷ     в”Ҷ     в”Ҷ ndi в”Ҷ       в”Ҷ       в”Ӯ
в”Ӯ     в”Ҷ     в”Ҷ     в”Ҷ s   в”Ҷ       в”Ҷ       в”Ӯ
в”Ӯ     в”Ҷ     в”Ҷ     в”Ҷ vol в”Ҷ       в”Ҷ       в”Ӯ
в”Ӯ     в”Ҷ     в”Ҷ     в”Ҷ uвҖҰ  в”Ҷ       в”Ҷ       в”Ӯ
в”Ӯ 1   в”Ҷ 5   в”Ҷ nes в”Ҷ rep в”Ҷ 18    в”Ҷ 147   в”Ӯ
в”Ӯ     в”Ҷ     в”Ҷ ciu в”Ҷ udi в”Ҷ       в”Ҷ       в”Ӯ
в”Ӯ     в”Ҷ     в”Ҷ nt  в”Ҷ and в”Ҷ       в”Ҷ       в”Ӯ
в”Ӯ     в”Ҷ     в”Ҷ qua в”Ҷ ae  в”Ҷ       в”Ҷ       в”Ӯ
в”Ӯ     в”Ҷ     в”Ҷ s   в”Ҷ ven в”Ҷ       в”Ҷ       в”Ӯ
в”Ӯ     в”Ҷ     в”Ҷ odi в”Ҷ iam в”Ҷ       в”Ҷ       в”Ӯ
в”Ӯ     в”Ҷ     в”Ҷ o   в”Ҷ qua в”Ҷ       в”Ҷ       в”Ӯ
в”Ӯ     в”Ҷ     в”Ҷ     в”Ҷ era в”Ҷ       в”Ҷ       в”Ӯ
в”Ӯ     в”Ҷ     в”Ҷ     в”Ҷ t   в”Ҷ       в”Ҷ       в”Ӯ
в”Ӯ     в”Ҷ     в”Ҷ     в”Ҷ sun в”Ҷ       в”Ҷ       в”Ӯ
в”Ӯ     в”Ҷ     в”Ҷ     в”Ҷ вҖҰ   в”Ҷ       в”Ҷ       в”Ӯ
в””в”Җв”Җв”Җв”Җв”Җв”ҙв”Җв”Җв”Җв”Җв”Җв”ҙв”Җв”Җв”Җв”Җв”Җв”ҙв”Җв”Җв”Җв”Җв”Җв”ҙв”Җв”Җв”Җв”Җв”Җв”Җв”Җв”ҙв”Җв”Җв”Җв”Җв”Җв”Җв”Җв”ҳ
2026-03-31 20:06:32 | INFO | CI | Sink: Polars DataFrame created
2026-03-31 20:06:32 | INFO | CI | ========================
2026-03-31 20:06:32 | INFO | CI | STAGE 04: LOAD starting...
2026-03-31 20:06:32 | INFO | CI | ========================
2026-03-31 20:06:32 | INFO | CI | SINK PATH = data\processed\case_processed.csv
2026-03-31 20:06:32 | INFO | CI | ========================
2026-03-31 20:06:32 | INFO | CI | Pipeline executed successfully!
2026-03-31 20:06:32 | INFO | CI | ========================
2026-03-31 20:39:53 | INFO | CI | === RUN START ===
2026-03-31 20:39:53 | INFO | CI | project=MODULE 4: EVTL PIPELINE
2026-03-31 20:39:53 | INFO | CI | repo_dir=nlp-04-api-text-data
2026-03-31 20:39:53 | INFO | CI | python=3.14.3
2026-03-31 20:39:53 | INFO | CI | os=Windows 11
2026-03-31 20:39:53 | INFO | CI | shell=powershell
2026-03-31 20:39:53 | INFO | CI | cwd=.
2026-03-31 20:39:53 | INFO | CI | github_actions=False
2026-03-31 20:39:53 | INFO | CI | START PIPELINE
2026-03-31 20:39:53 | INFO | CI | ROOT_PATH = .
2026-03-31 20:39:53 | INFO | CI | DATA_PATH = data
2026-03-31 20:39:53 | INFO | CI | RAW_PATH = data\raw
2026-03-31 20:39:53 | INFO | CI | PROCESSED_PATH = data\processed
2026-03-31 20:39:53 | INFO | CI | ========================
2026-03-31 20:39:53 | INFO | CI | STAGE 01: EXTRACT starting... 
2026-03-31 20:39:53 | INFO | CI | ========================
2026-03-31 20:39:54 | INFO | CI | SOURCE PATH = https://jsonplaceholder.typicode.com/posts
2026-03-31 20:39:54 | INFO | CI | SINK PATH = data\raw\case_raw.json
2026-03-31 20:39:54 | INFO | CI | ========================
2026-03-31 20:39:54 | INFO | CI | STAGE 02: VALIDATE starting...
2026-03-31 20:39:54 | INFO | CI | ========================
2026-03-31 20:39:54 | INFO | CI | JSON STRUCTURE INSPECTION:
2026-03-31 20:39:54 | INFO | CI | Top-level type: list
2026-03-31 20:39:54 | INFO | CI | Keys in first record: ['userId', 'id', 'title', 'body']
2026-03-31 20:39:54 | INFO | CI | Field types:
2026-03-31 20:39:54 | INFO | CI | userId: int
2026-03-31 20:39:54 | INFO | CI | id: int
2026-03-31 20:39:54 | INFO | CI | title: str
2026-03-31 20:39:54 | INFO | CI | body: str
2026-03-31 20:39:54 | INFO | CI | Validation passed.
2026-03-31 20:39:54 | INFO | CI | Sink: validated JSON object
2026-03-31 20:39:54 | INFO | CI | ========================
2026-03-31 20:39:54 | INFO | CI | STAGE 03: TRANSFORM starting...
2026-03-31 20:39:54 | INFO | CI | ========================
2026-03-31 20:39:54 | INFO | CI | Transformation complete.
2026-03-31 20:39:54 | INFO | CI | DataFrame preview:
shape: (5, 6)
в”Ңв”Җв”Җв”Җв”Җв”Җв”¬в”Җв”Җв”Җв”Җв”Җв”¬в”Җв”Җв”Җв”Җв”Җв”¬в”Җв”Җв”Җв”Җв”Җв”¬в”Җв”Җв”Җв”Җв”Җв”Җв”Җв”¬в”Җв”Җв”Җв”Җв”Җв”Җв”Җв”җ
в”Ӯ use в”Ҷ pos в”Ҷ tit в”Ҷ bod в”Ҷ title в”Ҷ body_ в”Ӯ
в”Ӯ r_i в”Ҷ t_i в”Ҷ le  в”Ҷ y   в”Ҷ _leng в”Ҷ lengt в”Ӯ
в”Ӯ d   в”Ҷ d   в”Ҷ --- в”Ҷ --- в”Ҷ th    в”Ҷ h     в”Ӯ
в”Ӯ --- в”Ҷ --- в”Ҷ str в”Ҷ str в”Ҷ ---   в”Ҷ ---   в”Ӯ
в”Ӯ i64 в”Ҷ i64 в”Ҷ     в”Ҷ     в”Ҷ u32   в”Ҷ u32   в”Ӯ
в•һв•җв•җв•җв•җв•җв•Әв•җв•җв•җв•җв•җв•Әв•җв•җв•җв•җв•җв•Әв•җв•җв•җв•җв•җв•Әв•җв•җв•җв•җв•җв•җв•җв•Әв•җв•җв•җв•җв•җв•җв•җв•Ў
в”Ӯ 1   в”Ҷ 1   в”Ҷ sun в”Ҷ qui в”Ҷ 74    в”Ҷ 158   в”Ӯ
в”Ӯ     в”Ҷ     в”Ҷ t   в”Ҷ a   в”Ҷ       в”Ҷ       в”Ӯ
в”Ӯ     в”Ҷ     в”Ҷ aut в”Ҷ et  в”Ҷ       в”Ҷ       в”Ӯ
в”Ӯ     в”Ҷ     в”Ҷ fac в”Ҷ sus в”Ҷ       в”Ҷ       в”Ӯ
в”Ӯ     в”Ҷ     в”Ҷ ere в”Ҷ cip в”Ҷ       в”Ҷ       в”Ӯ
в”Ӯ     в”Ҷ     в”Ҷ rep в”Ҷ it  в”Ҷ       в”Ҷ       в”Ӯ
в”Ӯ     в”Ҷ     в”Ҷ ell в”Ҷ sus в”Ҷ       в”Ҷ       в”Ӯ
в”Ӯ     в”Ҷ     в”Ҷ at  в”Ҷ cip в”Ҷ       в”Ҷ       в”Ӯ
в”Ӯ     в”Ҷ     в”Ҷ pro в”Ҷ it  в”Ҷ       в”Ҷ       в”Ӯ
в”Ӯ     в”Ҷ     в”Ҷ viвҖҰ в”Ҷ rec в”Ҷ       в”Ҷ       в”Ӯ
в”Ӯ     в”Ҷ     в”Ҷ     в”Ҷ uвҖҰ  в”Ҷ       в”Ҷ       в”Ӯ
в”Ӯ 1   в”Ҷ 2   в”Ҷ qui в”Ҷ est в”Ҷ 12    в”Ҷ 206   в”Ӯ
в”Ӯ     в”Ҷ     в”Ҷ est в”Ҷ rer в”Ҷ       в”Ҷ       в”Ӯ
в”Ӯ     в”Ҷ     в”Ҷ ess в”Ҷ um  в”Ҷ       в”Ҷ       в”Ӯ
в”Ӯ     в”Ҷ     в”Ҷ e   в”Ҷ tem в”Ҷ       в”Ҷ       в”Ӯ
в”Ӯ     в”Ҷ     в”Ҷ     в”Ҷ por в”Ҷ       в”Ҷ       в”Ӯ
в”Ӯ     в”Ҷ     в”Ҷ     в”Ҷ e   в”Ҷ       в”Ҷ       в”Ӯ
в”Ӯ     в”Ҷ     в”Ҷ     в”Ҷ vit в”Ҷ       в”Ҷ       в”Ӯ
в”Ӯ     в”Ҷ     в”Ҷ     в”Ҷ ae  в”Ҷ       в”Ҷ       в”Ӯ
в”Ӯ     в”Ҷ     в”Ҷ     в”Ҷ seq в”Ҷ       в”Ҷ       в”Ӯ
в”Ӯ     в”Ҷ     в”Ҷ     в”Ҷ ui  в”Ҷ       в”Ҷ       в”Ӯ
в”Ӯ     в”Ҷ     в”Ҷ     в”Ҷ вҖҰ   в”Ҷ       в”Ҷ       в”Ӯ
в”Ӯ 1   в”Ҷ 3   в”Ҷ ea  в”Ҷ et  в”Ҷ 59    в”Ҷ 164   в”Ӯ
в”Ӯ     в”Ҷ     в”Ҷ mol в”Ҷ ius в”Ҷ       в”Ҷ       в”Ӯ
в”Ӯ     в”Ҷ     в”Ҷ est в”Ҷ to  в”Ҷ       в”Ҷ       в”Ӯ
в”Ӯ     в”Ҷ     в”Ҷ ias в”Ҷ sed в”Ҷ       в”Ҷ       в”Ӯ
в”Ӯ     в”Ҷ     в”Ҷ qua в”Ҷ quo в”Ҷ       в”Ҷ       в”Ӯ
в”Ӯ     в”Ҷ     в”Ҷ si  в”Ҷ iur в”Ҷ       в”Ҷ       в”Ӯ
в”Ӯ     в”Ҷ     в”Ҷ exe в”Ҷ e   в”Ҷ       в”Ҷ       в”Ӯ
в”Ӯ     в”Ҷ     в”Ҷ rci в”Ҷ vol в”Ҷ       в”Ҷ       в”Ӯ
в”Ӯ     в”Ҷ     в”Ҷ tat в”Ҷ upt в”Ҷ       в”Ҷ       в”Ӯ
в”Ӯ     в”Ҷ     в”Ҷ ioвҖҰ в”Ҷ atвҖҰ в”Ҷ       в”Ҷ       в”Ӯ
в”Ӯ 1   в”Ҷ 4   в”Ҷ eum в”Ҷ ull в”Ҷ 20    в”Ҷ 190   в”Ӯ
в”Ӯ     в”Ҷ     в”Ҷ et  в”Ҷ am  в”Ҷ       в”Ҷ       в”Ӯ
в”Ӯ     в”Ҷ     в”Ҷ est в”Ҷ et  в”Ҷ       в”Ҷ       в”Ӯ
в”Ӯ     в”Ҷ     в”Ҷ occ в”Ҷ sae в”Ҷ       в”Ҷ       в”Ӯ
в”Ӯ     в”Ҷ     в”Ҷ aec в”Ҷ pe  в”Ҷ       в”Ҷ       в”Ӯ
в”Ӯ     в”Ҷ     в”Ҷ ati в”Ҷ rei в”Ҷ       в”Ҷ       в”Ӯ
в”Ӯ     в”Ҷ     в”Ҷ     в”Ҷ cie в”Ҷ       в”Ҷ       в”Ӯ
в”Ӯ     в”Ҷ     в”Ҷ     в”Ҷ ndi в”Ҷ       в”Ҷ       в”Ӯ
в”Ӯ     в”Ҷ     в”Ҷ     в”Ҷ s   в”Ҷ       в”Ҷ       в”Ӯ
в”Ӯ     в”Ҷ     в”Ҷ     в”Ҷ vol в”Ҷ       в”Ҷ       в”Ӯ
в”Ӯ     в”Ҷ     в”Ҷ     в”Ҷ uвҖҰ  в”Ҷ       в”Ҷ       в”Ӯ
в”Ӯ 1   в”Ҷ 5   в”Ҷ nes в”Ҷ rep в”Ҷ 18    в”Ҷ 147   в”Ӯ
в”Ӯ     в”Ҷ     в”Ҷ ciu в”Ҷ udi в”Ҷ       в”Ҷ       в”Ӯ
в”Ӯ     в”Ҷ     в”Ҷ nt  в”Ҷ and в”Ҷ       в”Ҷ       в”Ӯ
в”Ӯ     в”Ҷ     в”Ҷ qua в”Ҷ ae  в”Ҷ       в”Ҷ       в”Ӯ
в”Ӯ     в”Ҷ     в”Ҷ s   в”Ҷ ven в”Ҷ       в”Ҷ       в”Ӯ
в”Ӯ     в”Ҷ     в”Ҷ odi в”Ҷ iam в”Ҷ       в”Ҷ       в”Ӯ
в”Ӯ     в”Ҷ     в”Ҷ o   в”Ҷ qua в”Ҷ       в”Ҷ       в”Ӯ
в”Ӯ     в”Ҷ     в”Ҷ     в”Ҷ era в”Ҷ       в”Ҷ       в”Ӯ
в”Ӯ     в”Ҷ     в”Ҷ     в”Ҷ t   в”Ҷ       в”Ҷ       в”Ӯ
в”Ӯ     в”Ҷ     в”Ҷ     в”Ҷ sun в”Ҷ       в”Ҷ       в”Ӯ
в”Ӯ     в”Ҷ     в”Ҷ     в”Ҷ вҖҰ   в”Ҷ       в”Ҷ       в”Ӯ
в””в”Җв”Җв”Җв”Җв”Җв”ҙв”Җв”Җв”Җв”Җв”Җв”ҙв”Җв”Җв”Җв”Җв”Җв”ҙв”Җв”Җв”Җв”Җв”Җв”ҙв”Җв”Җв”Җв”Җв”Җв”Җв”Җв”ҙв”Җв”Җв”Җв”Җв”Җв”Җв”Җв”ҳ
2026-03-31 20:39:54 | INFO | CI | Sink: Polars DataFrame created
2026-03-31 20:39:54 | INFO | CI | ========================
2026-03-31 20:39:54 | INFO | CI | STAGE 04: LOAD starting...
2026-03-31 20:39:54 | INFO | CI | ========================
2026-03-31 20:39:54 | INFO | CI | SINK PATH = data\processed\case_processed.csv
2026-03-31 20:39:54 | INFO | CI | ========================
2026-03-31 20:39:54 | INFO | CI | Pipeline executed successfully!
2026-03-31 20:39:54 | INFO | CI | ========================
2026-04-01 19:24:41 | INFO | CI | === RUN START ===
2026-04-01 19:24:41 | INFO | CI | project=MODULE 4: EVTL PIPELINE
2026-04-01 19:24:41 | INFO | CI | repo_dir=nlp-04-api-text-data
2026-04-01 19:24:41 | INFO | CI | python=3.14.3
2026-04-01 19:24:41 | INFO | CI | os=Windows 11
2026-04-01 19:24:41 | INFO | CI | shell=powershell
2026-04-01 19:24:41 | INFO | CI | cwd=.
2026-04-01 19:24:41 | INFO | CI | github_actions=False
2026-04-01 19:24:41 | INFO | CI | START PIPELINE
2026-04-01 19:24:41 | INFO | CI | ROOT_PATH = .
2026-04-01 19:24:41 | INFO | CI | DATA_PATH = data
2026-04-01 19:24:41 | INFO | CI | RAW_PATH = data\raw
2026-04-01 19:24:41 | INFO | CI | PROCESSED_PATH = data\processed
2026-04-01 19:24:41 | INFO | CI | ========================
2026-04-01 19:24:41 | INFO | CI | STAGE 01: EXTRACT starting... 
2026-04-01 19:24:41 | INFO | CI | ========================
2026-04-01 19:24:41 | INFO | CI | SOURCE PATH = https://jsonplaceholder.typicode.com/posts
2026-04-01 19:24:41 | INFO | CI | SINK PATH = data\raw\tmartin_raw.json
2026-04-01 19:24:41 | INFO | CI | ========================
2026-04-01 19:24:41 | INFO | CI | STAGE 02: VALIDATE starting...
2026-04-01 19:24:41 | INFO | CI | ========================
2026-04-01 19:24:41 | INFO | CI | JSON STRUCTURE INSPECTION:
2026-04-01 19:24:41 | INFO | CI | Top-level type: list
2026-04-01 19:24:41 | INFO | CI | Keys in first record: ['userId', 'id', 'title', 'body']
2026-04-01 19:24:41 | INFO | CI | Field types:
2026-04-01 19:24:41 | INFO | CI | userId: int
2026-04-01 19:24:41 | INFO | CI | id: int
2026-04-01 19:24:41 | INFO | CI | title: str
2026-04-01 19:24:41 | INFO | CI | body: str
2026-04-01 19:24:41 | INFO | CI | Validation passed.
2026-04-01 19:24:41 | INFO | CI | Sink: validated JSON object
2026-04-01 19:24:41 | INFO | CI | ========================
2026-04-01 19:24:41 | INFO | CI | STAGE 03: TRANSFORM starting...
2026-04-01 19:24:41 | INFO | CI | ========================
2026-04-01 19:24:41 | INFO | CI | Transformation complete.
2026-04-01 19:24:41 | INFO | CI | DataFrame preview:
shape: (5, 7)
в”Ңв”Җв”Җв”Җв”Җв”Җв”¬в”Җв”Җв”Җв”Җв”Җв”¬в”Җв”Җв”Җв”Җв”Җв”¬в”Җв”Җв”Җв”Җв”Җв”¬в”Җв”Җв”Җв”Җв”Җв”¬в”Җв”Җв”Җв”Җв”Җв”¬в”Җв”Җв”Җв”Җв”Җв”җ
в”Ӯ use в”Ҷ pos в”Ҷ tit в”Ҷ bod в”Ҷ tit в”Ҷ bod в”Ҷ bod в”Ӯ
в”Ӯ r_i в”Ҷ t_i в”Ҷ le  в”Ҷ y   в”Ҷ le_ в”Ҷ y_l в”Ҷ y_t в”Ӯ
в”Ӯ d   в”Ҷ d   в”Ҷ --- в”Ҷ --- в”Ҷ len в”Ҷ eng в”Ҷ o_t в”Ӯ
в”Ӯ --- в”Ҷ --- в”Ҷ str в”Ҷ str в”Ҷ gth в”Ҷ th  в”Ҷ itl в”Ӯ
в”Ӯ i64 в”Ҷ i64 в”Ҷ     в”Ҷ     в”Ҷ --- в”Ҷ --- в”Ҷ e_r в”Ӯ
в”Ӯ     в”Ҷ     в”Ҷ     в”Ҷ     в”Ҷ u32 в”Ҷ u32 в”Ҷ ati в”Ӯ
в”Ӯ     в”Ҷ     в”Ҷ     в”Ҷ     в”Ҷ     в”Ҷ     в”Ҷ o   в”Ӯ
в”Ӯ     в”Ҷ     в”Ҷ     в”Ҷ     в”Ҷ     в”Ҷ     в”Ҷ --- в”Ӯ
в”Ӯ     в”Ҷ     в”Ҷ     в”Ҷ     в”Ҷ     в”Ҷ     в”Ҷ f64 в”Ӯ
в•һв•җв•җв•җв•җв•җв•Әв•җв•җв•җв•җв•җв•Әв•җв•җв•җв•җв•җв•Әв•җв•җв•җв•җв•җв•Әв•җв•җв•җв•җв•җв•Әв•җв•җв•җв•җв•җв•Әв•җв•җв•җв•җв•җв•Ў
в”Ӯ 1   в”Ҷ 1   в”Ҷ sun в”Ҷ qui в”Ҷ 74  в”Ҷ 158 в”Ҷ 2.1 в”Ӯ
в”Ӯ     в”Ҷ     в”Ҷ t   в”Ҷ a   в”Ҷ     в”Ҷ     в”Ҷ 351 в”Ӯ
в”Ӯ     в”Ҷ     в”Ҷ aut в”Ҷ et  в”Ҷ     в”Ҷ     в”Ҷ 35  в”Ӯ
в”Ӯ     в”Ҷ     в”Ҷ fac в”Ҷ sus в”Ҷ     в”Ҷ     в”Ҷ     в”Ӯ
в”Ӯ     в”Ҷ     в”Ҷ ere в”Ҷ cip в”Ҷ     в”Ҷ     в”Ҷ     в”Ӯ
в”Ӯ     в”Ҷ     в”Ҷ rep в”Ҷ it  в”Ҷ     в”Ҷ     в”Ҷ     в”Ӯ
в”Ӯ     в”Ҷ     в”Ҷ ell в”Ҷ sus в”Ҷ     в”Ҷ     в”Ҷ     в”Ӯ
в”Ӯ     в”Ҷ     в”Ҷ at  в”Ҷ cip в”Ҷ     в”Ҷ     в”Ҷ     в”Ӯ
в”Ӯ     в”Ҷ     в”Ҷ pro в”Ҷ it  в”Ҷ     в”Ҷ     в”Ҷ     в”Ӯ
в”Ӯ     в”Ҷ     в”Ҷ viвҖҰ в”Ҷ rec в”Ҷ     в”Ҷ     в”Ҷ     в”Ӯ
в”Ӯ     в”Ҷ     в”Ҷ     в”Ҷ uвҖҰ  в”Ҷ     в”Ҷ     в”Ҷ     в”Ӯ
в”Ӯ 1   в”Ҷ 2   в”Ҷ qui в”Ҷ est в”Ҷ 12  в”Ҷ 206 в”Ҷ 17. в”Ӯ
в”Ӯ     в”Ҷ     в”Ҷ est в”Ҷ rer в”Ҷ     в”Ҷ     в”Ҷ 166 в”Ӯ
в”Ӯ     в”Ҷ     в”Ҷ ess в”Ҷ um  в”Ҷ     в”Ҷ     в”Ҷ 667 в”Ӯ
в”Ӯ     в”Ҷ     в”Ҷ e   в”Ҷ tem в”Ҷ     в”Ҷ     в”Ҷ     в”Ӯ
в”Ӯ     в”Ҷ     в”Ҷ     в”Ҷ por в”Ҷ     в”Ҷ     в”Ҷ     в”Ӯ
в”Ӯ     в”Ҷ     в”Ҷ     в”Ҷ e   в”Ҷ     в”Ҷ     в”Ҷ     в”Ӯ
в”Ӯ     в”Ҷ     в”Ҷ     в”Ҷ vit в”Ҷ     в”Ҷ     в”Ҷ     в”Ӯ
в”Ӯ     в”Ҷ     в”Ҷ     в”Ҷ ae  в”Ҷ     в”Ҷ     в”Ҷ     в”Ӯ
в”Ӯ     в”Ҷ     в”Ҷ     в”Ҷ seq в”Ҷ     в”Ҷ     в”Ҷ     в”Ӯ
в”Ӯ     в”Ҷ     в”Ҷ     в”Ҷ ui  в”Ҷ     в”Ҷ     в”Ҷ     в”Ӯ
в”Ӯ     в”Ҷ     в”Ҷ     в”Ҷ вҖҰ   в”Ҷ     в”Ҷ     в”Ҷ     в”Ӯ
в”Ӯ 1   в”Ҷ 3   в”Ҷ ea  в”Ҷ et  в”Ҷ 59  в”Ҷ 164 в”Ҷ 2.7 в”Ӯ
в”Ӯ     в”Ҷ     в”Ҷ mol в”Ҷ ius в”Ҷ     в”Ҷ     в”Ҷ 796 в”Ӯ
в”Ӯ     в”Ҷ     в”Ҷ est в”Ҷ to  в”Ҷ     в”Ҷ     в”Ҷ 61  в”Ӯ
в”Ӯ     в”Ҷ     в”Ҷ ias в”Ҷ sed в”Ҷ     в”Ҷ     в”Ҷ     в”Ӯ
в”Ӯ     в”Ҷ     в”Ҷ qua в”Ҷ quo в”Ҷ     в”Ҷ     в”Ҷ     в”Ӯ
в”Ӯ     в”Ҷ     в”Ҷ si  в”Ҷ iur в”Ҷ     в”Ҷ     в”Ҷ     в”Ӯ
в”Ӯ     в”Ҷ     в”Ҷ exe в”Ҷ e   в”Ҷ     в”Ҷ     в”Ҷ     в”Ӯ
в”Ӯ     в”Ҷ     в”Ҷ rci в”Ҷ vol в”Ҷ     в”Ҷ     в”Ҷ     в”Ӯ
в”Ӯ     в”Ҷ     в”Ҷ tat в”Ҷ upt в”Ҷ     в”Ҷ     в”Ҷ     в”Ӯ
в”Ӯ     в”Ҷ     в”Ҷ ioвҖҰ в”Ҷ atвҖҰ в”Ҷ     в”Ҷ     в”Ҷ     в”Ӯ
в”Ӯ 1   в”Ҷ 4   в”Ҷ eum в”Ҷ ull в”Ҷ 20  в”Ҷ 190 в”Ҷ 9.5 в”Ӯ
в”Ӯ     в”Ҷ     в”Ҷ et  в”Ҷ am  в”Ҷ     в”Ҷ     в”Ҷ     в”Ӯ
в”Ӯ     в”Ҷ     в”Ҷ est в”Ҷ et  в”Ҷ     в”Ҷ     в”Ҷ     в”Ӯ
в”Ӯ     в”Ҷ     в”Ҷ occ в”Ҷ sae в”Ҷ     в”Ҷ     в”Ҷ     в”Ӯ
в”Ӯ     в”Ҷ     в”Ҷ aec в”Ҷ pe  в”Ҷ     в”Ҷ     в”Ҷ     в”Ӯ
в”Ӯ     в”Ҷ     в”Ҷ ati в”Ҷ rei в”Ҷ     в”Ҷ     в”Ҷ     в”Ӯ
в”Ӯ     в”Ҷ     в”Ҷ     в”Ҷ cie в”Ҷ     в”Ҷ     в”Ҷ     в”Ӯ
в”Ӯ     в”Ҷ     в”Ҷ     в”Ҷ ndi в”Ҷ     в”Ҷ     в”Ҷ     в”Ӯ
в”Ӯ     в”Ҷ     в”Ҷ     в”Ҷ s   в”Ҷ     в”Ҷ     в”Ҷ     в”Ӯ
в”Ӯ     в”Ҷ     в”Ҷ     в”Ҷ vol в”Ҷ     в”Ҷ     в”Ҷ     в”Ӯ
в”Ӯ     в”Ҷ     в”Ҷ     в”Ҷ uвҖҰ  в”Ҷ     в”Ҷ     в”Ҷ     в”Ӯ
в”Ӯ 1   в”Ҷ 5   в”Ҷ nes в”Ҷ rep в”Ҷ 18  в”Ҷ 147 в”Ҷ 8.1 в”Ӯ
в”Ӯ     в”Ҷ     в”Ҷ ciu в”Ҷ udi в”Ҷ     в”Ҷ     в”Ҷ 666 в”Ӯ
в”Ӯ     в”Ҷ     в”Ҷ nt  в”Ҷ and в”Ҷ     в”Ҷ     в”Ҷ 67  в”Ӯ
в”Ӯ     в”Ҷ     в”Ҷ qua в”Ҷ ae  в”Ҷ     в”Ҷ     в”Ҷ     в”Ӯ
в”Ӯ     в”Ҷ     в”Ҷ s   в”Ҷ ven в”Ҷ     в”Ҷ     в”Ҷ     в”Ӯ
в”Ӯ     в”Ҷ     в”Ҷ odi в”Ҷ iam в”Ҷ     в”Ҷ     в”Ҷ     в”Ӯ
в”Ӯ     в”Ҷ     в”Ҷ o   в”Ҷ qua в”Ҷ     в”Ҷ     в”Ҷ     в”Ӯ
в”Ӯ     в”Ҷ     в”Ҷ     в”Ҷ era в”Ҷ     в”Ҷ     в”Ҷ     в”Ӯ
в”Ӯ     в”Ҷ     в”Ҷ     в”Ҷ t   в”Ҷ     в”Ҷ     в”Ҷ     в”Ӯ
в”Ӯ     в”Ҷ     в”Ҷ     в”Ҷ sun в”Ҷ     в”Ҷ     в”Ҷ     в”Ӯ
в”Ӯ     в”Ҷ     в”Ҷ     в”Ҷ вҖҰ   в”Ҷ     в”Ҷ     в”Ҷ     в”Ӯ
в””в”Җв”Җв”Җв”Җв”Җв”ҙв”Җв”Җв”Җв”Җв”Җв”ҙв”Җв”Җв”Җв”Җв”Җв”ҙв”Җв”Җв”Җв”Җв”Җв”ҙв”Җв”Җв”Җв”Җв”Җв”ҙв”Җв”Җв”Җв”Җв”Җв”ҙв”Җв”Җв”Җв”Җв”Җв”ҳ
2026-04-01 19:24:41 | INFO | CI | Sink: Polars DataFrame created
2026-04-01 19:24:41 | INFO | CI | ========================
2026-04-01 19:24:41 | INFO | CI | STAGE 04: LOAD starting...
2026-04-01 19:24:41 | INFO | CI | ========================
2026-04-01 19:24:41 | INFO | CI | SINK PATH = data\processed\tmartin_processed.csv
2026-04-01 19:24:41 | INFO | CI | ========================
2026-04-01 19:24:41 | INFO | CI | Pipeline executed successfully!
2026-04-01 19:24:41 | INFO | CI | ========================
